<?xml version="1.0" encoding="UTF-8"?>
<testsuite name="Cucumber" time="44.414" tests="1" skipped="0" failures="0" errors="0">
<testcase classname="To verify the login page" name="Check admin module" time="43.869">
<system-out><![CDATA[
Given user is on login page.................................................passed
When user enter username and password.......................................passed
And clicks on login button..................................................passed
Then user is navigated to the home page.....................................passed
When user clicks on admin module............................................passed
And user enters username field value........................................passed
Then user clicks on search button...........................................passed
]]></system-out>
</testcase>
</testsuite>
